# JRE version: Java(TM) SE Runtime Environment (19.0+36) (build 19+36-2238)
# Java VM: Java HotSpot(TM) 64-Bit Server VM (19+36-2238, mixed mode, sharing, tiered, compressed oops, compressed class ptrs, g1 gc, windows-amd64)
GC Precious Log:
 CardTable entry size: 512
 Card Set container configuration: InlinePtr #cards 4 size 8 Array Of Cards #cards 8 size 32 Howl #buckets 8 coarsen threshold 3686 Howl Bitmap #cards 512 size 80 coarsen threshold 460 Card regions per heap region 1 cards per card region 4096
 CPUs: 8 total, 8 available
 Memory: 14284M
 Large Page Support: Disabled
 NUMA Support: Disabled
 Compressed Oops: Enabled (Zero based)
 Heap Region Size: 2M
 Heap Min Capacity: 8M
 Heap Initial Capacity: 224M
 Heap Max Capacity: 3572M
 Pre-touch: Disabled
 Parallel Workers: 8
 Concurrent Workers: 2
 Concurrent Refinement Workers: 8
 Periodic GC: Disabled
Heap:
 garbage-first heap   total 571392K, used 255757K [0x0000000720c00000, 0x0000000800000000)
  region size 2048K, 1 young (2048K), 1 survivors (2048K)
 Metaspace       used 6721K, committed 6976K, reserved 1114112K
  class space    used 711K, committed 832K, reserved 1048576K
GC Heap History (20 events):
Event: 0.501 GC heap after
{Heap after GC invocations=3 (full 0):
 garbage-first heap   total 229376K, used 100183K [0x0000000720c00000, 0x0000000800000000)
  region size 2048K, 1 young (2048K), 1 survivors (2048K)
 Metaspace       used 6511K, committed 6784K, reserved 1114112K
  class space    used 710K, committed 832K, reserved 1048576K
}
Event: 0.506 GC heap before
{Heap before GC invocations=3 (full 0):
 garbage-first heap   total 229376K, used 106327K [0x0000000720c00000, 0x0000000800000000)
  region size 2048K, 3 young (6144K), 1 survivors (2048K)
 Metaspace       used 6511K, committed 6784K, reserved 1114112K
  class space    used 710K, committed 832K, reserved 1048576K
}
Event: 0.508 GC heap after
{Heap after GC invocations=4 (full 0):
 garbage-first heap   total 229376K, used 10006K [0x0000000720c00000, 0x0000000800000000)
  region size 2048K, 1 young (2048K), 1 survivors (2048K)
 Metaspace       used 6511K, committed 6784K, reserved 1114112K
  class space    used 710K, committed 832K, reserved 1048576K
}
Event: 0.564 GC heap before
{Heap before GC invocations=4 (full 0):
 garbage-first heap   total 229376K, used 106262K [0x0000000720c00000, 0x0000000800000000)
  region size 2048K, 3 young (6144K), 1 survivors (2048K)
 Metaspace       used 6533K, committed 6784K, reserved 1114112K
  class space    used 710K, committed 832K, reserved 1048576K
}
Event: 0.566 GC heap after
{Heap after GC invocations=5 (full 0):
 garbage-first heap   total 229376K, used 100138K [0x0000000720c00000, 0x0000000800000000)
  region size 2048K, 1 young (2048K), 1 survivors (2048K)
 Metaspace       used 6533K, committed 6784K, reserved 1114112K
  class space    used 710K, committed 832K, reserved 1048576K
}
Event: 0.572 GC heap before
{Heap before GC invocations=5 (full 0):
 garbage-first heap   total 229376K, used 104234K [0x0000000720c00000, 0x0000000800000000)
  region size 2048K, 2 young (4096K), 1 survivors (2048K)
 Metaspace       used 6534K, committed 6784K, reserved 1114112K
  class space    used 710K, committed 832K, reserved 1048576K
}
Event: 0.575 GC heap after
{Heap after GC invocations=6 (full 0):
 garbage-first heap   total 571392K, used 9963K [0x0000000720c00000, 0x0000000800000000)
  region size 2048K, 1 young (2048K), 1 survivors (2048K)
 Metaspace       used 6534K, committed 6784K, reserved 1114112K
  class space    used 710K, committed 832K, reserved 1048576K
}
Event: 0.718 GC heap before
{Heap before GC invocations=6 (full 0):
 garbage-first heap   total 571392K, used 261867K [0x0000000720c00000, 0x0000000800000000)
  region size 2048K, 3 young (6144K), 1 survivors (2048K)
 Metaspace       used 6582K, committed 6848K, reserved 1114112K
  class space    used 710K, committed 832K, reserved 1048576K
}
Event: 0.720 GC heap after
{Heap after GC invocations=7 (full 0):
 garbage-first heap   total 571392K, used 255928K [0x0000000720c00000, 0x0000000800000000)
  region size 2048K, 1 young (2048K), 1 survivors (2048K)
 Metaspace       used 6582K, committed 6848K, reserved 1114112K
  class space    used 710K, committed 832K, reserved 1048576K
}
Event: 0.723 GC heap before
{Heap before GC invocations=7 (full 0):
 garbage-first heap   total 571392K, used 260024K [0x0000000720c00000, 0x0000000800000000)
  region size 2048K, 2 young (4096K), 1 survivors (2048K)
 Metaspace       used 6582K, committed 6848K, reserved 1114112K
  class space    used 710K, committed 832K, reserved 1048576K
}
Event: 0.726 GC heap after
{Heap after GC invocations=8 (full 0):
 garbage-first heap   total 571392K, used 10056K [0x0000000720c00000, 0x0000000800000000)
  region size 2048K, 1 young (2048K), 1 survivors (2048K)
 Metaspace       used 6582K, committed 6848K, reserved 1114112K
  class space    used 710K, committed 832K, reserved 1048576K
}
Event: 0.842 GC heap before
{Heap before GC invocations=8 (full 0):
 garbage-first heap   total 571392K, used 261960K [0x0000000720c00000, 0x0000000800000000)
  region size 2048K, 3 young (6144K), 1 survivors (2048K)
 Metaspace       used 6625K, committed 6848K, reserved 1114112K
  class space    used 710K, committed 832K, reserved 1048576K
}
Event: 0.844 GC heap after
{Heap after GC invocations=9 (full 0):
 garbage-first heap   total 571392K, used 255740K [0x0000000720c00000, 0x0000000800000000)
  region size 2048K, 1 young (2048K), 1 survivors (2048K)
 Metaspace       used 6625K, committed 6848K, reserved 1114112K
  class space    used 710K, committed 832K, reserved 1048576K
}
Event: 0.846 GC heap before
{Heap before GC invocations=9 (full 0):
 garbage-first heap   total 571392K, used 259836K [0x0000000720c00000, 0x0000000800000000)
  region size 2048K, 2 young (4096K), 1 survivors (2048K)
 Metaspace       used 6626K, committed 6848K, reserved 1114112K
  class space    used 710K, committed 832K, reserved 1048576K
}
Event: 0.848 GC heap after
{Heap after GC invocations=10 (full 0):
 garbage-first heap   total 571392K, used 10044K [0x0000000720c00000, 0x0000000800000000)
  region size 2048K, 1 young (2048K), 1 survivors (2048K)
 Metaspace       used 6626K, committed 6848K, reserved 1114112K
  class space    used 710K, committed 832K, reserved 1048576K
}
Event: 0.964 GC heap before
{Heap before GC invocations=10 (full 0):
 garbage-first heap   total 571392K, used 261948K [0x0000000720c00000, 0x0000000800000000)
  region size 2048K, 3 young (6144K), 1 survivors (2048K)
 Metaspace       used 6701K, committed 6912K, reserved 1114112K
  class space    used 711K, committed 832K, reserved 1048576K
}
Event: 0.966 GC heap after
{Heap after GC invocations=11 (full 0):
 garbage-first heap   total 571392K, used 255752K [0x0000000720c00000, 0x0000000800000000)
  region size 2048K, 1 young (2048K), 1 survivors (2048K)
 Metaspace       used 6701K, committed 6912K, reserved 1114112K
  class space    used 711K, committed 832K, reserved 1048576K
}
Event: 0.969 GC heap before
{Heap before GC invocations=11 (full 0):
 garbage-first heap   total 571392K, used 261896K [0x0000000720c00000, 0x0000000800000000)
  region size 2048K, 3 young (6144K), 1 survivors (2048K)
 Metaspace       used 6707K, committed 6976K, reserved 1114112K
  class space    used 711K, committed 832K, reserved 1048576K
}
Event: 0.970 GC heap after
{Heap after GC invocations=12 (full 0):
 garbage-first heap   total 571392K, used 10012K [0x0000000720c00000, 0x0000000800000000)
  region size 2048K, 1 young (2048K), 1 survivors (2048K)
 Metaspace       used 6707K, committed 6976K, reserved 1114112K
  class space    used 711K, committed 832K, reserved 1048576K
}
Event: 1.075 GC heap before
{Heap before GC invocations=12 (full 0):
 garbage-first heap   total 571392K, used 261916K [0x0000000720c00000, 0x0000000800000000)
  region size 2048K, 3 young (6144K), 1 survivors (2048K)
 Metaspace       used 6721K, committed 6976K, reserved 1114112K
  class space    used 711K, committed 832K, reserved 1048576K
}

