# JRE version: Java(TM) SE Runtime Environment (19.0+36) (build 19+36-2238)
# Java VM: Java HotSpot(TM) 64-Bit Server VM (19+36-2238, mixed mode, sharing, tiered, compressed oops, compressed class ptrs, g1 gc, windows-amd64)
GC Precious Log:
 CardTable entry size: 512
 Card Set container configuration: InlinePtr #cards 4 size 8 Array Of Cards #cards 8 size 32 Howl #buckets 8 coarsen threshold 3686 Howl Bitmap #cards 512 size 80 coarsen threshold 460 Card regions per heap region 1 cards per card region 4096
 CPUs: 8 total, 8 available
 Memory: 14284M
 Large Page Support: Disabled
 NUMA Support: Disabled
 Compressed Oops: Enabled (Zero based)
 Heap Region Size: 2M
 Heap Min Capacity: 8M
 Heap Initial Capacity: 224M
 Heap Max Capacity: 3572M
 Pre-touch: Disabled
 Parallel Workers: 8
 Concurrent Workers: 2
 Concurrent Refinement Workers: 8
 Periodic GC: Disabled
Heap:
 garbage-first heap   total 229376K, used 9951K [0x0000000720c00000, 0x0000000800000000)
  region size 2048K, 1 young (2048K), 1 survivors (2048K)
 Metaspace       used 6523K, committed 6784K, reserved 1114112K
  class space    used 710K, committed 832K, reserved 1048576K
GC Heap History (11 events):
Event: 0.423 GC heap before
{Heap before GC invocations=0 (full 0):
 garbage-first heap   total 229376K, used 108544K [0x0000000720c00000, 0x0000000800000000)
  region size 2048K, 4 young (8192K), 0 survivors (0K)
 Metaspace       used 6488K, committed 6720K, reserved 1114112K
  class space    used 709K, committed 832K, reserved 1048576K
}
Event: 0.427 GC heap after
{Heap after GC invocations=1 (full 0):
 garbage-first heap   total 229376K, used 104357K [0x0000000720c00000, 0x0000000800000000)
  region size 2048K, 1 young (2048K), 1 survivors (2048K)
 Metaspace       used 6488K, committed 6720K, reserved 1114112K
  class space    used 709K, committed 832K, reserved 1048576K
}
Event: 0.433 GC heap before
{Heap before GC invocations=1 (full 0):
 garbage-first heap   total 229376K, used 108453K [0x0000000720c00000, 0x0000000800000000)
  region size 2048K, 2 young (4096K), 1 survivors (2048K)
 Metaspace       used 6493K, committed 6720K, reserved 1114112K
  class space    used 710K, committed 832K, reserved 1048576K
}
Event: 0.435 GC heap after
{Heap after GC invocations=2 (full 0):
 garbage-first heap   total 229376K, used 10011K [0x0000000720c00000, 0x0000000800000000)
  region size 2048K, 1 young (2048K), 1 survivors (2048K)
 Metaspace       used 6493K, committed 6720K, reserved 1114112K
  class space    used 710K, committed 832K, reserved 1048576K
}
Event: 0.486 GC heap before
{Heap before GC invocations=2 (full 0):
 garbage-first heap   total 229376K, used 104219K [0x0000000720c00000, 0x0000000800000000)
  region size 2048K, 2 young (4096K), 1 survivors (2048K)
 Metaspace       used 6505K, committed 6720K, reserved 1114112K
  class space    used 710K, committed 832K, reserved 1048576K
}
Event: 0.488 GC heap after
{Heap after GC invocations=3 (full 0):
 garbage-first heap   total 229376K, used 100130K [0x0000000720c00000, 0x0000000800000000)
  region size 2048K, 1 young (2048K), 1 survivors (2048K)
 Metaspace       used 6505K, committed 6720K, reserved 1114112K
  class space    used 710K, committed 832K, reserved 1048576K
}
Event: 0.492 GC heap before
{Heap before GC invocations=3 (full 0):
 garbage-first heap   total 229376K, used 104226K [0x0000000720c00000, 0x0000000800000000)
  region size 2048K, 2 young (4096K), 1 survivors (2048K)
 Metaspace       used 6505K, committed 6720K, reserved 1114112K
  class space    used 710K, committed 832K, reserved 1048576K
}
Event: 0.496 GC heap after
{Heap after GC invocations=4 (full 0):
 garbage-first heap   total 229376K, used 10021K [0x0000000720c00000, 0x0000000800000000)
  region size 2048K, 1 young (2048K), 1 survivors (2048K)
 Metaspace       used 6505K, committed 6720K, reserved 1114112K
  class space    used 710K, committed 832K, reserved 1048576K
}
Event: 0.549 GC heap before
{Heap before GC invocations=4 (full 0):
 garbage-first heap   total 229376K, used 106277K [0x0000000720c00000, 0x0000000800000000)
  region size 2048K, 3 young (6144K), 1 survivors (2048K)
 Metaspace       used 6522K, committed 6784K, reserved 1114112K
  class space    used 710K, committed 832K, reserved 1048576K
}
Event: 0.551 GC heap after
{Heap after GC invocations=5 (full 0):
 garbage-first heap   total 229376K, used 100072K [0x0000000720c00000, 0x0000000800000000)
  region size 2048K, 1 young (2048K), 1 survivors (2048K)
 Metaspace       used 6522K, committed 6784K, reserved 1114112K
  class space    used 710K, committed 832K, reserved 1048576K
}
Event: 0.553 GC heap before
{Heap before GC invocations=5 (full 0):
 garbage-first heap   total 229376K, used 104168K [0x0000000720c00000, 0x0000000800000000)
  region size 2048K, 2 young (4096K), 1 survivors (2048K)
 Metaspace       used 6523K, committed 6784K, reserved 1114112K
  class space    used 710K, committed 832K, reserved 1048576K
}

